[2023-07-04T02:35:36.134+0000] {processor.py:157} INFO - Started process (PID=32) to work on /opt/airflow/dags/first_dag.py
[2023-07-04T02:35:36.145+0000] {processor.py:826} INFO - Processing file /opt/airflow/dags/first_dag.py for tasks to queue
[2023-07-04T02:35:36.147+0000] {logging_mixin.py:149} INFO - [2023-07-04T02:35:36.147+0000] {dagbag.py:541} INFO - Filling up the DagBag from /opt/airflow/dags/first_dag.py
[2023-07-04T02:35:36.183+0000] {processor.py:836} INFO - DAG(s) dict_keys(['primeira_dag_exemplo']) retrieved from /opt/airflow/dags/first_dag.py
[2023-07-04T02:35:36.633+0000] {logging_mixin.py:149} INFO - [2023-07-04T02:35:36.633+0000] {dag.py:2726} INFO - Sync 1 DAGs
[2023-07-04T02:35:36.678+0000] {logging_mixin.py:149} INFO - [2023-07-04T02:35:36.677+0000] {dag.py:3490} INFO - Setting next_dagrun for primeira_dag_exemplo to None, run_after=None
[2023-07-04T02:35:36.722+0000] {processor.py:179} INFO - Processing /opt/airflow/dags/first_dag.py took 0.593 seconds
[2023-07-04T02:35:41.810+0000] {processor.py:157} INFO - Started process (PID=33) to work on /opt/airflow/dags/first_dag.py
[2023-07-04T02:35:41.813+0000] {processor.py:826} INFO - Processing file /opt/airflow/dags/first_dag.py for tasks to queue
[2023-07-04T02:35:41.818+0000] {logging_mixin.py:149} INFO - [2023-07-04T02:35:41.817+0000] {dagbag.py:541} INFO - Filling up the DagBag from /opt/airflow/dags/first_dag.py
[2023-07-04T02:35:41.857+0000] {processor.py:836} INFO - DAG(s) dict_keys(['primeira_dag_exemplo']) retrieved from /opt/airflow/dags/first_dag.py
[2023-07-04T02:35:41.889+0000] {logging_mixin.py:149} INFO - [2023-07-04T02:35:41.889+0000] {dag.py:2726} INFO - Sync 1 DAGs
[2023-07-04T02:35:41.984+0000] {logging_mixin.py:149} INFO - [2023-07-04T02:35:41.983+0000] {dag.py:3490} INFO - Setting next_dagrun for primeira_dag_exemplo to None, run_after=None
[2023-07-04T02:35:42.057+0000] {processor.py:179} INFO - Processing /opt/airflow/dags/first_dag.py took 0.258 seconds
[2023-07-04T02:35:47.180+0000] {processor.py:157} INFO - Started process (PID=34) to work on /opt/airflow/dags/first_dag.py
[2023-07-04T02:35:47.184+0000] {processor.py:826} INFO - Processing file /opt/airflow/dags/first_dag.py for tasks to queue
[2023-07-04T02:35:47.186+0000] {logging_mixin.py:149} INFO - [2023-07-04T02:35:47.186+0000] {dagbag.py:541} INFO - Filling up the DagBag from /opt/airflow/dags/first_dag.py
[2023-07-04T02:35:47.209+0000] {processor.py:836} INFO - DAG(s) dict_keys(['primeira_dag_exemplo']) retrieved from /opt/airflow/dags/first_dag.py
[2023-07-04T02:35:47.231+0000] {logging_mixin.py:149} INFO - [2023-07-04T02:35:47.231+0000] {dag.py:2726} INFO - Sync 1 DAGs
[2023-07-04T02:35:47.276+0000] {logging_mixin.py:149} INFO - [2023-07-04T02:35:47.276+0000] {dag.py:3490} INFO - Setting next_dagrun for primeira_dag_exemplo to None, run_after=None
[2023-07-04T02:35:47.304+0000] {processor.py:179} INFO - Processing /opt/airflow/dags/first_dag.py took 0.135 seconds
[2023-07-04T02:35:52.365+0000] {processor.py:157} INFO - Started process (PID=42) to work on /opt/airflow/dags/first_dag.py
[2023-07-04T02:35:52.368+0000] {processor.py:826} INFO - Processing file /opt/airflow/dags/first_dag.py for tasks to queue
[2023-07-04T02:35:52.371+0000] {logging_mixin.py:149} INFO - [2023-07-04T02:35:52.371+0000] {dagbag.py:541} INFO - Filling up the DagBag from /opt/airflow/dags/first_dag.py
[2023-07-04T02:35:52.405+0000] {processor.py:836} INFO - DAG(s) dict_keys(['primeira_dag_exemplo']) retrieved from /opt/airflow/dags/first_dag.py
[2023-07-04T02:35:52.436+0000] {logging_mixin.py:149} INFO - [2023-07-04T02:35:52.435+0000] {dag.py:2726} INFO - Sync 1 DAGs
[2023-07-04T02:35:52.517+0000] {logging_mixin.py:149} INFO - [2023-07-04T02:35:52.516+0000] {dag.py:3490} INFO - Setting next_dagrun for primeira_dag_exemplo to None, run_after=None
[2023-07-04T02:35:52.548+0000] {processor.py:179} INFO - Processing /opt/airflow/dags/first_dag.py took 0.189 seconds
[2023-07-04T02:35:57.654+0000] {processor.py:157} INFO - Started process (PID=43) to work on /opt/airflow/dags/first_dag.py
[2023-07-04T02:35:57.656+0000] {processor.py:826} INFO - Processing file /opt/airflow/dags/first_dag.py for tasks to queue
[2023-07-04T02:35:57.657+0000] {logging_mixin.py:149} INFO - [2023-07-04T02:35:57.657+0000] {dagbag.py:541} INFO - Filling up the DagBag from /opt/airflow/dags/first_dag.py
[2023-07-04T02:35:57.679+0000] {processor.py:836} INFO - DAG(s) dict_keys(['primeira_dag_exemplo']) retrieved from /opt/airflow/dags/first_dag.py
[2023-07-04T02:35:57.703+0000] {logging_mixin.py:149} INFO - [2023-07-04T02:35:57.703+0000] {dag.py:2726} INFO - Sync 1 DAGs
[2023-07-04T02:35:57.747+0000] {logging_mixin.py:149} INFO - [2023-07-04T02:35:57.747+0000] {dag.py:3490} INFO - Setting next_dagrun for primeira_dag_exemplo to None, run_after=None
[2023-07-04T02:35:57.777+0000] {processor.py:179} INFO - Processing /opt/airflow/dags/first_dag.py took 0.131 seconds
[2023-07-04T02:36:02.853+0000] {processor.py:157} INFO - Started process (PID=44) to work on /opt/airflow/dags/first_dag.py
[2023-07-04T02:36:02.855+0000] {processor.py:826} INFO - Processing file /opt/airflow/dags/first_dag.py for tasks to queue
[2023-07-04T02:36:02.858+0000] {logging_mixin.py:149} INFO - [2023-07-04T02:36:02.857+0000] {dagbag.py:541} INFO - Filling up the DagBag from /opt/airflow/dags/first_dag.py
[2023-07-04T02:36:02.888+0000] {processor.py:836} INFO - DAG(s) dict_keys(['primeira_dag_exemplo']) retrieved from /opt/airflow/dags/first_dag.py
[2023-07-04T02:36:02.916+0000] {logging_mixin.py:149} INFO - [2023-07-04T02:36:02.916+0000] {dag.py:2726} INFO - Sync 1 DAGs
[2023-07-04T02:36:02.974+0000] {logging_mixin.py:149} INFO - [2023-07-04T02:36:02.974+0000] {dag.py:3490} INFO - Setting next_dagrun for primeira_dag_exemplo to None, run_after=None
[2023-07-04T02:36:03.054+0000] {processor.py:179} INFO - Processing /opt/airflow/dags/first_dag.py took 0.210 seconds
[2023-07-04T02:36:08.232+0000] {processor.py:157} INFO - Started process (PID=45) to work on /opt/airflow/dags/first_dag.py
[2023-07-04T02:36:08.235+0000] {processor.py:826} INFO - Processing file /opt/airflow/dags/first_dag.py for tasks to queue
[2023-07-04T02:36:08.237+0000] {logging_mixin.py:149} INFO - [2023-07-04T02:36:08.237+0000] {dagbag.py:541} INFO - Filling up the DagBag from /opt/airflow/dags/first_dag.py
[2023-07-04T02:36:08.258+0000] {processor.py:836} INFO - DAG(s) dict_keys(['primeira_dag_exemplo']) retrieved from /opt/airflow/dags/first_dag.py
[2023-07-04T02:36:08.318+0000] {logging_mixin.py:149} INFO - [2023-07-04T02:36:08.318+0000] {dag.py:2726} INFO - Sync 1 DAGs
[2023-07-04T02:36:08.363+0000] {logging_mixin.py:149} INFO - [2023-07-04T02:36:08.362+0000] {dag.py:3490} INFO - Setting next_dagrun for primeira_dag_exemplo to None, run_after=None
[2023-07-04T02:36:08.401+0000] {processor.py:179} INFO - Processing /opt/airflow/dags/first_dag.py took 0.180 seconds
[2023-07-04T02:36:13.482+0000] {processor.py:157} INFO - Started process (PID=46) to work on /opt/airflow/dags/first_dag.py
[2023-07-04T02:36:13.487+0000] {processor.py:826} INFO - Processing file /opt/airflow/dags/first_dag.py for tasks to queue
[2023-07-04T02:36:13.489+0000] {logging_mixin.py:149} INFO - [2023-07-04T02:36:13.488+0000] {dagbag.py:541} INFO - Filling up the DagBag from /opt/airflow/dags/first_dag.py
[2023-07-04T02:36:13.522+0000] {processor.py:836} INFO - DAG(s) dict_keys(['primeira_dag_exemplo']) retrieved from /opt/airflow/dags/first_dag.py
[2023-07-04T02:36:13.617+0000] {logging_mixin.py:149} INFO - [2023-07-04T02:36:13.616+0000] {dag.py:2726} INFO - Sync 1 DAGs
[2023-07-04T02:36:13.684+0000] {logging_mixin.py:149} INFO - [2023-07-04T02:36:13.684+0000] {dag.py:3490} INFO - Setting next_dagrun for primeira_dag_exemplo to None, run_after=None
[2023-07-04T02:36:13.823+0000] {processor.py:179} INFO - Processing /opt/airflow/dags/first_dag.py took 0.350 seconds
[2023-07-04T02:36:18.918+0000] {processor.py:157} INFO - Started process (PID=47) to work on /opt/airflow/dags/first_dag.py
[2023-07-04T02:36:18.920+0000] {processor.py:826} INFO - Processing file /opt/airflow/dags/first_dag.py for tasks to queue
[2023-07-04T02:36:18.922+0000] {logging_mixin.py:149} INFO - [2023-07-04T02:36:18.922+0000] {dagbag.py:541} INFO - Filling up the DagBag from /opt/airflow/dags/first_dag.py
[2023-07-04T02:36:18.946+0000] {processor.py:836} INFO - DAG(s) dict_keys(['primeira_dag_exemplo']) retrieved from /opt/airflow/dags/first_dag.py
[2023-07-04T02:36:19.006+0000] {logging_mixin.py:149} INFO - [2023-07-04T02:36:19.006+0000] {dag.py:2726} INFO - Sync 1 DAGs
[2023-07-04T02:36:19.054+0000] {logging_mixin.py:149} INFO - [2023-07-04T02:36:19.053+0000] {dag.py:3490} INFO - Setting next_dagrun for primeira_dag_exemplo to None, run_after=None
[2023-07-04T02:36:19.088+0000] {processor.py:179} INFO - Processing /opt/airflow/dags/first_dag.py took 0.179 seconds
[2023-07-04T02:36:24.258+0000] {processor.py:157} INFO - Started process (PID=55) to work on /opt/airflow/dags/first_dag.py
[2023-07-04T02:36:24.261+0000] {processor.py:826} INFO - Processing file /opt/airflow/dags/first_dag.py for tasks to queue
[2023-07-04T02:36:24.264+0000] {logging_mixin.py:149} INFO - [2023-07-04T02:36:24.263+0000] {dagbag.py:541} INFO - Filling up the DagBag from /opt/airflow/dags/first_dag.py
[2023-07-04T02:36:24.294+0000] {processor.py:836} INFO - DAG(s) dict_keys(['primeira_dag_exemplo']) retrieved from /opt/airflow/dags/first_dag.py
[2023-07-04T02:36:24.345+0000] {logging_mixin.py:149} INFO - [2023-07-04T02:36:24.345+0000] {dag.py:2726} INFO - Sync 1 DAGs
[2023-07-04T02:36:24.383+0000] {logging_mixin.py:149} INFO - [2023-07-04T02:36:24.382+0000] {dag.py:3490} INFO - Setting next_dagrun for primeira_dag_exemplo to None, run_after=None
[2023-07-04T02:36:24.519+0000] {processor.py:179} INFO - Processing /opt/airflow/dags/first_dag.py took 0.274 seconds
[2023-07-04T02:36:29.593+0000] {processor.py:157} INFO - Started process (PID=56) to work on /opt/airflow/dags/first_dag.py
[2023-07-04T02:36:29.595+0000] {processor.py:826} INFO - Processing file /opt/airflow/dags/first_dag.py for tasks to queue
[2023-07-04T02:36:29.597+0000] {logging_mixin.py:149} INFO - [2023-07-04T02:36:29.597+0000] {dagbag.py:541} INFO - Filling up the DagBag from /opt/airflow/dags/first_dag.py
[2023-07-04T02:36:29.621+0000] {processor.py:836} INFO - DAG(s) dict_keys(['primeira_dag_exemplo']) retrieved from /opt/airflow/dags/first_dag.py
[2023-07-04T02:36:30.038+0000] {logging_mixin.py:149} INFO - [2023-07-04T02:36:30.038+0000] {dag.py:2726} INFO - Sync 1 DAGs
[2023-07-04T02:36:30.063+0000] {logging_mixin.py:149} INFO - [2023-07-04T02:36:30.063+0000] {dag.py:2747} INFO - Creating ORM DAG for primeira_dag_exemplo
[2023-07-04T02:36:30.080+0000] {logging_mixin.py:149} INFO - [2023-07-04T02:36:30.080+0000] {dag.py:3490} INFO - Setting next_dagrun for primeira_dag_exemplo to None, run_after=None
[2023-07-04T02:36:30.481+0000] {processor.py:179} INFO - Processing /opt/airflow/dags/first_dag.py took 0.897 seconds
[2023-07-04T02:36:35.614+0000] {processor.py:157} INFO - Started process (PID=57) to work on /opt/airflow/dags/first_dag.py
[2023-07-04T02:36:35.617+0000] {processor.py:826} INFO - Processing file /opt/airflow/dags/first_dag.py for tasks to queue
[2023-07-04T02:36:35.618+0000] {logging_mixin.py:149} INFO - [2023-07-04T02:36:35.618+0000] {dagbag.py:541} INFO - Filling up the DagBag from /opt/airflow/dags/first_dag.py
[2023-07-04T02:36:35.638+0000] {processor.py:836} INFO - DAG(s) dict_keys(['primeira_dag_exemplo']) retrieved from /opt/airflow/dags/first_dag.py
[2023-07-04T02:36:35.658+0000] {logging_mixin.py:149} INFO - [2023-07-04T02:36:35.658+0000] {dag.py:2726} INFO - Sync 1 DAGs
[2023-07-04T02:36:35.692+0000] {logging_mixin.py:149} INFO - [2023-07-04T02:36:35.692+0000] {dag.py:3490} INFO - Setting next_dagrun for primeira_dag_exemplo to None, run_after=None
[2023-07-04T02:36:35.717+0000] {processor.py:179} INFO - Processing /opt/airflow/dags/first_dag.py took 0.113 seconds
[2023-07-04T02:36:40.823+0000] {processor.py:157} INFO - Started process (PID=58) to work on /opt/airflow/dags/first_dag.py
[2023-07-04T02:36:40.825+0000] {processor.py:826} INFO - Processing file /opt/airflow/dags/first_dag.py for tasks to queue
[2023-07-04T02:36:40.828+0000] {logging_mixin.py:149} INFO - [2023-07-04T02:36:40.828+0000] {dagbag.py:541} INFO - Filling up the DagBag from /opt/airflow/dags/first_dag.py
[2023-07-04T02:36:40.845+0000] {processor.py:836} INFO - DAG(s) dict_keys(['primeira_dag_exemplo']) retrieved from /opt/airflow/dags/first_dag.py
[2023-07-04T02:36:40.866+0000] {logging_mixin.py:149} INFO - [2023-07-04T02:36:40.865+0000] {dag.py:2726} INFO - Sync 1 DAGs
[2023-07-04T02:36:40.901+0000] {logging_mixin.py:149} INFO - [2023-07-04T02:36:40.901+0000] {dag.py:3490} INFO - Setting next_dagrun for primeira_dag_exemplo to None, run_after=None
[2023-07-04T02:36:40.928+0000] {processor.py:179} INFO - Processing /opt/airflow/dags/first_dag.py took 0.112 seconds
[2023-07-04T02:36:46.027+0000] {processor.py:157} INFO - Started process (PID=59) to work on /opt/airflow/dags/first_dag.py
[2023-07-04T02:36:46.031+0000] {processor.py:826} INFO - Processing file /opt/airflow/dags/first_dag.py for tasks to queue
[2023-07-04T02:36:46.033+0000] {logging_mixin.py:149} INFO - [2023-07-04T02:36:46.033+0000] {dagbag.py:541} INFO - Filling up the DagBag from /opt/airflow/dags/first_dag.py
[2023-07-04T02:36:46.059+0000] {processor.py:836} INFO - DAG(s) dict_keys(['primeira_dag_exemplo']) retrieved from /opt/airflow/dags/first_dag.py
[2023-07-04T02:36:46.087+0000] {logging_mixin.py:149} INFO - [2023-07-04T02:36:46.087+0000] {dag.py:2726} INFO - Sync 1 DAGs
[2023-07-04T02:36:46.177+0000] {logging_mixin.py:149} INFO - [2023-07-04T02:36:46.177+0000] {dag.py:3490} INFO - Setting next_dagrun for primeira_dag_exemplo to None, run_after=None
[2023-07-04T02:36:46.392+0000] {processor.py:179} INFO - Processing /opt/airflow/dags/first_dag.py took 0.373 seconds
[2023-07-04T02:36:51.509+0000] {processor.py:157} INFO - Started process (PID=60) to work on /opt/airflow/dags/first_dag.py
[2023-07-04T02:36:51.511+0000] {processor.py:826} INFO - Processing file /opt/airflow/dags/first_dag.py for tasks to queue
[2023-07-04T02:36:51.514+0000] {logging_mixin.py:149} INFO - [2023-07-04T02:36:51.514+0000] {dagbag.py:541} INFO - Filling up the DagBag from /opt/airflow/dags/first_dag.py
[2023-07-04T02:36:51.549+0000] {processor.py:836} INFO - DAG(s) dict_keys(['primeira_dag_exemplo']) retrieved from /opt/airflow/dags/first_dag.py
[2023-07-04T02:36:51.586+0000] {logging_mixin.py:149} INFO - [2023-07-04T02:36:51.585+0000] {dag.py:2726} INFO - Sync 1 DAGs
[2023-07-04T02:36:51.658+0000] {logging_mixin.py:149} INFO - [2023-07-04T02:36:51.658+0000] {dag.py:3490} INFO - Setting next_dagrun for primeira_dag_exemplo to None, run_after=None
[2023-07-04T02:36:51.695+0000] {processor.py:179} INFO - Processing /opt/airflow/dags/first_dag.py took 0.198 seconds
[2023-07-04T02:36:56.772+0000] {processor.py:157} INFO - Started process (PID=68) to work on /opt/airflow/dags/first_dag.py
[2023-07-04T02:36:56.774+0000] {processor.py:826} INFO - Processing file /opt/airflow/dags/first_dag.py for tasks to queue
[2023-07-04T02:36:56.776+0000] {logging_mixin.py:149} INFO - [2023-07-04T02:36:56.775+0000] {dagbag.py:541} INFO - Filling up the DagBag from /opt/airflow/dags/first_dag.py
[2023-07-04T02:36:56.797+0000] {processor.py:836} INFO - DAG(s) dict_keys(['primeira_dag_exemplo']) retrieved from /opt/airflow/dags/first_dag.py
[2023-07-04T02:36:56.821+0000] {logging_mixin.py:149} INFO - [2023-07-04T02:36:56.821+0000] {dag.py:2726} INFO - Sync 1 DAGs
[2023-07-04T02:36:56.863+0000] {logging_mixin.py:149} INFO - [2023-07-04T02:36:56.862+0000] {dag.py:3490} INFO - Setting next_dagrun for primeira_dag_exemplo to None, run_after=None
[2023-07-04T02:36:56.908+0000] {processor.py:179} INFO - Processing /opt/airflow/dags/first_dag.py took 0.143 seconds
[2023-07-04T02:37:02.018+0000] {processor.py:157} INFO - Started process (PID=69) to work on /opt/airflow/dags/first_dag.py
[2023-07-04T02:37:02.020+0000] {processor.py:826} INFO - Processing file /opt/airflow/dags/first_dag.py for tasks to queue
[2023-07-04T02:37:02.023+0000] {logging_mixin.py:149} INFO - [2023-07-04T02:37:02.022+0000] {dagbag.py:541} INFO - Filling up the DagBag from /opt/airflow/dags/first_dag.py
[2023-07-04T02:37:02.054+0000] {processor.py:836} INFO - DAG(s) dict_keys(['primeira_dag_exemplo']) retrieved from /opt/airflow/dags/first_dag.py
[2023-07-04T02:37:02.123+0000] {logging_mixin.py:149} INFO - [2023-07-04T02:37:02.123+0000] {dag.py:2726} INFO - Sync 1 DAGs
[2023-07-04T02:37:02.169+0000] {logging_mixin.py:149} INFO - [2023-07-04T02:37:02.169+0000] {dag.py:3490} INFO - Setting next_dagrun for primeira_dag_exemplo to None, run_after=None
[2023-07-04T02:37:02.202+0000] {processor.py:179} INFO - Processing /opt/airflow/dags/first_dag.py took 0.195 seconds
[2023-07-04T02:37:07.273+0000] {processor.py:157} INFO - Started process (PID=70) to work on /opt/airflow/dags/first_dag.py
[2023-07-04T02:37:07.275+0000] {processor.py:826} INFO - Processing file /opt/airflow/dags/first_dag.py for tasks to queue
[2023-07-04T02:37:07.277+0000] {logging_mixin.py:149} INFO - [2023-07-04T02:37:07.276+0000] {dagbag.py:541} INFO - Filling up the DagBag from /opt/airflow/dags/first_dag.py
[2023-07-04T02:37:07.297+0000] {processor.py:836} INFO - DAG(s) dict_keys(['primeira_dag_exemplo']) retrieved from /opt/airflow/dags/first_dag.py
[2023-07-04T02:37:07.348+0000] {logging_mixin.py:149} INFO - [2023-07-04T02:37:07.348+0000] {dag.py:2726} INFO - Sync 1 DAGs
[2023-07-04T02:37:07.390+0000] {logging_mixin.py:149} INFO - [2023-07-04T02:37:07.389+0000] {dag.py:3490} INFO - Setting next_dagrun for primeira_dag_exemplo to None, run_after=None
[2023-07-04T02:37:07.418+0000] {processor.py:179} INFO - Processing /opt/airflow/dags/first_dag.py took 0.150 seconds
[2023-07-04T02:37:12.489+0000] {processor.py:157} INFO - Started process (PID=71) to work on /opt/airflow/dags/first_dag.py
[2023-07-04T02:37:12.490+0000] {processor.py:826} INFO - Processing file /opt/airflow/dags/first_dag.py for tasks to queue
[2023-07-04T02:37:12.492+0000] {logging_mixin.py:149} INFO - [2023-07-04T02:37:12.491+0000] {dagbag.py:541} INFO - Filling up the DagBag from /opt/airflow/dags/first_dag.py
[2023-07-04T02:37:12.507+0000] {processor.py:836} INFO - DAG(s) dict_keys(['primeira_dag_exemplo']) retrieved from /opt/airflow/dags/first_dag.py
[2023-07-04T02:37:12.544+0000] {logging_mixin.py:149} INFO - [2023-07-04T02:37:12.544+0000] {dag.py:2726} INFO - Sync 1 DAGs
[2023-07-04T02:37:12.586+0000] {logging_mixin.py:149} INFO - [2023-07-04T02:37:12.586+0000] {dag.py:3490} INFO - Setting next_dagrun for primeira_dag_exemplo to None, run_after=None
[2023-07-04T02:37:12.613+0000] {processor.py:179} INFO - Processing /opt/airflow/dags/first_dag.py took 0.129 seconds
[2023-07-04T02:37:17.722+0000] {processor.py:157} INFO - Started process (PID=72) to work on /opt/airflow/dags/first_dag.py
[2023-07-04T02:37:17.725+0000] {processor.py:826} INFO - Processing file /opt/airflow/dags/first_dag.py for tasks to queue
[2023-07-04T02:37:17.727+0000] {logging_mixin.py:149} INFO - [2023-07-04T02:37:17.727+0000] {dagbag.py:541} INFO - Filling up the DagBag from /opt/airflow/dags/first_dag.py
[2023-07-04T02:37:17.746+0000] {processor.py:836} INFO - DAG(s) dict_keys(['primeira_dag_exemplo']) retrieved from /opt/airflow/dags/first_dag.py
[2023-07-04T02:37:17.789+0000] {logging_mixin.py:149} INFO - [2023-07-04T02:37:17.789+0000] {dag.py:2726} INFO - Sync 1 DAGs
[2023-07-04T02:37:17.822+0000] {logging_mixin.py:149} INFO - [2023-07-04T02:37:17.822+0000] {dag.py:3490} INFO - Setting next_dagrun for primeira_dag_exemplo to None, run_after=None
[2023-07-04T02:37:17.848+0000] {processor.py:179} INFO - Processing /opt/airflow/dags/first_dag.py took 0.139 seconds
[2023-07-04T02:37:22.957+0000] {processor.py:157} INFO - Started process (PID=80) to work on /opt/airflow/dags/first_dag.py
[2023-07-04T02:37:22.959+0000] {processor.py:826} INFO - Processing file /opt/airflow/dags/first_dag.py for tasks to queue
[2023-07-04T02:37:22.963+0000] {logging_mixin.py:149} INFO - [2023-07-04T02:37:22.962+0000] {dagbag.py:541} INFO - Filling up the DagBag from /opt/airflow/dags/first_dag.py
[2023-07-04T02:37:22.991+0000] {processor.py:836} INFO - DAG(s) dict_keys(['primeira_dag_exemplo']) retrieved from /opt/airflow/dags/first_dag.py
[2023-07-04T02:37:23.039+0000] {logging_mixin.py:149} INFO - [2023-07-04T02:37:23.039+0000] {dag.py:2726} INFO - Sync 1 DAGs
[2023-07-04T02:37:23.075+0000] {logging_mixin.py:149} INFO - [2023-07-04T02:37:23.075+0000] {dag.py:3490} INFO - Setting next_dagrun for primeira_dag_exemplo to None, run_after=None
[2023-07-04T02:37:23.103+0000] {processor.py:179} INFO - Processing /opt/airflow/dags/first_dag.py took 0.157 seconds
[2023-07-04T02:37:28.207+0000] {processor.py:157} INFO - Started process (PID=81) to work on /opt/airflow/dags/first_dag.py
[2023-07-04T02:37:28.209+0000] {processor.py:826} INFO - Processing file /opt/airflow/dags/first_dag.py for tasks to queue
[2023-07-04T02:37:28.211+0000] {logging_mixin.py:149} INFO - [2023-07-04T02:37:28.211+0000] {dagbag.py:541} INFO - Filling up the DagBag from /opt/airflow/dags/first_dag.py
[2023-07-04T02:37:28.229+0000] {processor.py:836} INFO - DAG(s) dict_keys(['primeira_dag_exemplo']) retrieved from /opt/airflow/dags/first_dag.py
[2023-07-04T02:37:28.273+0000] {logging_mixin.py:149} INFO - [2023-07-04T02:37:28.273+0000] {dag.py:2726} INFO - Sync 1 DAGs
[2023-07-04T02:37:28.306+0000] {logging_mixin.py:149} INFO - [2023-07-04T02:37:28.306+0000] {dag.py:3490} INFO - Setting next_dagrun for primeira_dag_exemplo to None, run_after=None
[2023-07-04T02:37:28.332+0000] {processor.py:179} INFO - Processing /opt/airflow/dags/first_dag.py took 0.133 seconds
[2023-07-04T02:37:33.432+0000] {processor.py:157} INFO - Started process (PID=82) to work on /opt/airflow/dags/first_dag.py
[2023-07-04T02:37:33.434+0000] {processor.py:826} INFO - Processing file /opt/airflow/dags/first_dag.py for tasks to queue
[2023-07-04T02:37:33.436+0000] {logging_mixin.py:149} INFO - [2023-07-04T02:37:33.436+0000] {dagbag.py:541} INFO - Filling up the DagBag from /opt/airflow/dags/first_dag.py
[2023-07-04T02:37:33.455+0000] {processor.py:836} INFO - DAG(s) dict_keys(['primeira_dag_exemplo']) retrieved from /opt/airflow/dags/first_dag.py
[2023-07-04T02:37:33.499+0000] {logging_mixin.py:149} INFO - [2023-07-04T02:37:33.498+0000] {dag.py:2726} INFO - Sync 1 DAGs
[2023-07-04T02:37:33.535+0000] {logging_mixin.py:149} INFO - [2023-07-04T02:37:33.535+0000] {dag.py:3490} INFO - Setting next_dagrun for primeira_dag_exemplo to None, run_after=None
[2023-07-04T02:37:33.561+0000] {processor.py:179} INFO - Processing /opt/airflow/dags/first_dag.py took 0.136 seconds
[2023-07-04T02:37:38.636+0000] {processor.py:157} INFO - Started process (PID=83) to work on /opt/airflow/dags/first_dag.py
[2023-07-04T02:37:38.638+0000] {processor.py:826} INFO - Processing file /opt/airflow/dags/first_dag.py for tasks to queue
[2023-07-04T02:37:38.640+0000] {logging_mixin.py:149} INFO - [2023-07-04T02:37:38.640+0000] {dagbag.py:541} INFO - Filling up the DagBag from /opt/airflow/dags/first_dag.py
[2023-07-04T02:37:38.660+0000] {processor.py:836} INFO - DAG(s) dict_keys(['primeira_dag_exemplo']) retrieved from /opt/airflow/dags/first_dag.py
[2023-07-04T02:37:38.707+0000] {logging_mixin.py:149} INFO - [2023-07-04T02:37:38.707+0000] {dag.py:2726} INFO - Sync 1 DAGs
[2023-07-04T02:37:38.740+0000] {logging_mixin.py:149} INFO - [2023-07-04T02:37:38.740+0000] {dag.py:3490} INFO - Setting next_dagrun for primeira_dag_exemplo to None, run_after=None
[2023-07-04T02:37:38.764+0000] {processor.py:179} INFO - Processing /opt/airflow/dags/first_dag.py took 0.134 seconds
[2023-07-04T02:37:43.890+0000] {processor.py:157} INFO - Started process (PID=84) to work on /opt/airflow/dags/first_dag.py
[2023-07-04T02:37:43.893+0000] {processor.py:826} INFO - Processing file /opt/airflow/dags/first_dag.py for tasks to queue
[2023-07-04T02:37:43.895+0000] {logging_mixin.py:149} INFO - [2023-07-04T02:37:43.895+0000] {dagbag.py:541} INFO - Filling up the DagBag from /opt/airflow/dags/first_dag.py
[2023-07-04T02:37:43.919+0000] {processor.py:836} INFO - DAG(s) dict_keys(['primeira_dag_exemplo']) retrieved from /opt/airflow/dags/first_dag.py
[2023-07-04T02:37:43.967+0000] {logging_mixin.py:149} INFO - [2023-07-04T02:37:43.967+0000] {dag.py:2726} INFO - Sync 1 DAGs
[2023-07-04T02:37:44.005+0000] {logging_mixin.py:149} INFO - [2023-07-04T02:37:44.004+0000] {dag.py:3490} INFO - Setting next_dagrun for primeira_dag_exemplo to None, run_after=None
[2023-07-04T02:37:44.031+0000] {processor.py:179} INFO - Processing /opt/airflow/dags/first_dag.py took 0.152 seconds
[2023-07-04T02:37:49.139+0000] {processor.py:157} INFO - Started process (PID=85) to work on /opt/airflow/dags/first_dag.py
[2023-07-04T02:37:49.141+0000] {processor.py:826} INFO - Processing file /opt/airflow/dags/first_dag.py for tasks to queue
[2023-07-04T02:37:49.143+0000] {logging_mixin.py:149} INFO - [2023-07-04T02:37:49.143+0000] {dagbag.py:541} INFO - Filling up the DagBag from /opt/airflow/dags/first_dag.py
[2023-07-04T02:37:49.163+0000] {processor.py:836} INFO - DAG(s) dict_keys(['primeira_dag_exemplo']) retrieved from /opt/airflow/dags/first_dag.py
[2023-07-04T02:37:49.210+0000] {logging_mixin.py:149} INFO - [2023-07-04T02:37:49.209+0000] {dag.py:2726} INFO - Sync 1 DAGs
[2023-07-04T02:37:49.244+0000] {logging_mixin.py:149} INFO - [2023-07-04T02:37:49.244+0000] {dag.py:3490} INFO - Setting next_dagrun for primeira_dag_exemplo to None, run_after=None
[2023-07-04T02:37:49.269+0000] {processor.py:179} INFO - Processing /opt/airflow/dags/first_dag.py took 0.139 seconds
